<?xml version="1.0" encoding="UTF-8"?>
<!-- Generated by org.testng.reporters.JUnitReportReporter -->
<testsuite hostname="LTIN508310" failures="0" tests="3" name="testRunner.TestRunner" time="147.012" errors="0" timestamp="2024-04-17T09:54:28 IST" skipped="0">
  <testcase classname="testRunner.TestRunner" name="runScenario" time="55.519"/>
  <testcase classname="testRunner.TestRunner" name="runScenario" time="54.907"/>
  <testcase classname="testRunner.TestRunner" name="runScenario" time="36.586"/>
</testsuite> <!-- testRunner.TestRunner -->
